kotlin version: 2.0.21
error message: org.jetbrains.kotlin.backend.common.BackendException: Backend Internal error: Exception during IR lowering
File being compiled: C:/Users/kriti/AndroidStudioProjects/GreenRostovPrivate/features/auth/src/main/java/app/whatrsuhik/auth/register/presentation/RegisterView.kt
The root cause java.lang.RuntimeException was thrown at: org.jetbrains.kotlin.backend.jvm.codegen.FunctionCodegen.generate(FunctionCodegen.kt:47)
	at org.jetbrains.kotlin.backend.common.CodegenUtil.reportBackendException(CodegenUtil.kt:253)
	at org.jetbrains.kotlin.backend.common.CodegenUtil.reportBackendException$default(CodegenUtil.kt:236)
	at org.jetbrains.kotlin.backend.common.phaser.PerformByIrFilePhase.invokeSequential(performByIrFile.kt:65)
	at org.jetbrains.kotlin.backend.common.phaser.PerformByIrFilePhase.invoke(performByIrFile.kt:52)
	at org.jetbrains.kotlin.backend.common.phaser.PerformByIrFilePhase.invoke(performByIrFile.kt:38)
	at org.jetbrains.kotlin.backend.common.phaser.NamedCompilerPhase.phaseBody(CompilerPhase.kt:166)
	at org.jetbrains.kotlin.backend.common.phaser.AbstractNamedCompilerPhase.invoke(CompilerPhase.kt:113)
	at org.jetbrains.kotlin.backend.common.phaser.CompositePhase.invoke(PhaseBuilders.kt:27)
	at org.jetbrains.kotlin.backend.common.phaser.CompositePhase.invoke(PhaseBuilders.kt:14)
	at org.jetbrains.kotlin.backend.common.phaser.NamedCompilerPhase.phaseBody(CompilerPhase.kt:166)
	at org.jetbrains.kotlin.backend.common.phaser.AbstractNamedCompilerPhase.invoke(CompilerPhase.kt:113)
	at org.jetbrains.kotlin.backend.common.phaser.CompilerPhaseKt.invokeToplevel(CompilerPhase.kt:62)
	at org.jetbrains.kotlin.backend.jvm.JvmIrCodegenFactory.invokeCodegen(JvmIrCodegenFactory.kt:371)
	at org.jetbrains.kotlin.codegen.CodegenFactory.generateModule(CodegenFactory.kt:47)
	at org.jetbrains.kotlin.backend.jvm.JvmIrCodegenFactory.generateModuleInFrontendIRMode(JvmIrCodegenFactory.kt:433)
	at org.jetbrains.kotlin.cli.jvm.compiler.pipeline.JvmCompilerPipelineKt.generateCodeFromIr(jvmCompilerPipeline.kt:246)
	at org.jetbrains.kotlin.cli.jvm.compiler.pipeline.JvmCompilerPipelineKt.compileModulesUsingFrontendIrAndLightTree(jvmCompilerPipeline.kt:142)
	at org.jetbrains.kotlin.cli.jvm.K2JVMCompiler.doExecute(K2JVMCompiler.kt:148)
	at org.jetbrains.kotlin.cli.jvm.K2JVMCompiler.doExecute(K2JVMCompiler.kt:43)
	at org.jetbrains.kotlin.cli.common.CLICompiler.execImpl(CLICompiler.kt:103)
	at org.jetbrains.kotlin.cli.common.CLICompiler.execImpl(CLICompiler.kt:49)
	at org.jetbrains.kotlin.cli.common.CLITool.exec(CLITool.kt:101)
	at org.jetbrains.kotlin.incremental.IncrementalJvmCompilerRunner.runCompiler(IncrementalJvmCompilerRunner.kt:464)
	at org.jetbrains.kotlin.incremental.IncrementalJvmCompilerRunner.runCompiler(IncrementalJvmCompilerRunner.kt:73)
	at org.jetbrains.kotlin.incremental.IncrementalCompilerRunner.doCompile(IncrementalCompilerRunner.kt:506)
	at org.jetbrains.kotlin.incremental.IncrementalCompilerRunner.compileImpl(IncrementalCompilerRunner.kt:423)
	at org.jetbrains.kotlin.incremental.IncrementalCompilerRunner.compileNonIncrementally(IncrementalCompilerRunner.kt:301)
	at org.jetbrains.kotlin.incremental.IncrementalCompilerRunner.compile(IncrementalCompilerRunner.kt:129)
	at org.jetbrains.kotlin.daemon.CompileServiceImplBase.execIncrementalCompiler(CompileServiceImpl.kt:675)
	at org.jetbrains.kotlin.daemon.CompileServiceImplBase.access$execIncrementalCompiler(CompileServiceImpl.kt:92)
	at org.jetbrains.kotlin.daemon.CompileServiceImpl.compile(CompileServiceImpl.kt:1660)
	at java.base/jdk.internal.reflect.NativeMethodAccessorImpl.invoke0(Native Method)
	at java.base/jdk.internal.reflect.NativeMethodAccessorImpl.invoke(NativeMethodAccessorImpl.java:77)
	at java.base/jdk.internal.reflect.DelegatingMethodAccessorImpl.invoke(DelegatingMethodAccessorImpl.java:43)
	at java.base/java.lang.reflect.Method.invoke(Method.java:568)
	at java.rmi/sun.rmi.server.UnicastServerRef.dispatch(UnicastServerRef.java:360)
	at java.rmi/sun.rmi.transport.Transport$1.run(Transport.java:200)
	at java.rmi/sun.rmi.transport.Transport$1.run(Transport.java:197)
	at java.base/java.security.AccessController.doPrivileged(AccessController.java:712)
	at java.rmi/sun.rmi.transport.Transport.serviceCall(Transport.java:196)
	at java.rmi/sun.rmi.transport.tcp.TCPTransport.handleMessages(TCPTransport.java:587)
	at java.rmi/sun.rmi.transport.tcp.TCPTransport$ConnectionHandler.run0(TCPTransport.java:828)
	at java.rmi/sun.rmi.transport.tcp.TCPTransport$ConnectionHandler.lambda$run$0(TCPTransport.java:705)
	at java.base/java.security.AccessController.doPrivileged(AccessController.java:399)
	at java.rmi/sun.rmi.transport.tcp.TCPTransport$ConnectionHandler.run(TCPTransport.java:704)
	at java.base/java.util.concurrent.ThreadPoolExecutor.runWorker(ThreadPoolExecutor.java:1136)
	at java.base/java.util.concurrent.ThreadPoolExecutor$Worker.run(ThreadPoolExecutor.java:635)
	at java.base/java.lang.Thread.run(Thread.java:840)
Caused by: java.lang.RuntimeException: Exception while generating code for:
FUN name:RegisterView visibility:public modality:FINAL <> (state:app.whatrsuhik.auth.register.domain.models.RegisterState, listener:kotlin.Function1<app.whatrsuhik.auth.register.domain.models.RegisterEvent, kotlin.Unit>) returnType:kotlin.Unit
  annotations:
    Composable
  VALUE_PARAMETER name:state index:0 type:app.whatrsuhik.auth.register.domain.models.RegisterState
  VALUE_PARAMETER name:listener index:1 type:kotlin.Function1<app.whatrsuhik.auth.register.domain.models.RegisterEvent, kotlin.Unit>
  BLOCK_BODY
    VAR name:navigator type:app.whatrushik.core.navigation.core.Navigator [val]
      CALL 'public final fun rememberNavigator (): app.whatrushik.core.navigation.core.Navigator declared in app.whatrushik.core.navigation.core.NavigatorKt' type=app.whatrushik.core.navigation.core.Navigator origin=null
    VAR name:focusManager type:androidx.compose.ui.focus.FocusManager [val]
      CALL 'public final fun <get-current> (): T of androidx.compose.runtime.CompositionLocal [inline] declared in androidx.compose.runtime.CompositionLocal' type=androidx.compose.ui.focus.FocusManager origin=GET_PROPERTY
        $this: TYPE_OP type=androidx.compose.runtime.CompositionLocal<T of androidx.compose.runtime.CompositionLocal> origin=IMPLICIT_CAST typeOperand=androidx.compose.runtime.CompositionLocal<T of androidx.compose.runtime.CompositionLocal>
          CALL 'public final fun <get-LocalFocusManager> (): androidx.compose.runtime.ProvidableCompositionLocal<androidx.compose.ui.focus.FocusManager> declared in androidx.compose.ui.platform.CompositionLocalsKt' type=androidx.compose.runtime.ProvidableCompositionLocal<androidx.compose.ui.focus.FocusManager> origin=GET_PROPERTY
    CALL 'public final fun TopAppBar$default (modifier: androidx.compose.ui.Modifier?, title: kotlin.String, onBackPress: kotlin.Function0<kotlin.Unit>?, $mask0: kotlin.Int, $handler: kotlin.Any?): kotlin.Unit declared in app.whatrsuhik.ui.components.topbar.TopAppBarKt' type=kotlin.Unit origin=DEFAULT_DISPATCH_CALL
      modifier: COMPOSITE type=androidx.compose.ui.Modifier? origin=DEFAULT_VALUE
        CONST Null type=androidx.compose.ui.Modifier? value=null
      title: CONST String type=kotlin.String value="Регистрация"
      onBackPress: BLOCK type=kotlin.Function0<kotlin.Unit> origin=ADAPTED_FUNCTION_REFERENCE
        COMPOSITE type=kotlin.Unit origin=null
        BLOCK type=app.whatrsuhik.auth.register.presentation.RegisterViewKt.RegisterView.<no name provided> origin=null
          CLASS FUNCTION_REFERENCE_IMPL CLASS name:<no name provided> modality:FINAL visibility:public/*package*/ superTypes:[kotlin.jvm.internal.AdaptedFunctionReference; kotlin.Function0<kotlin.Unit>]
            $this: VALUE_PARAMETER INSTANCE_RECEIVER name:<this> type:app.whatrsuhik.auth.register.presentation.RegisterViewKt.RegisterView.<no name provided>
            CONSTRUCTOR GENERATED_MEMBER_IN_CALLABLE_REFERENCE visibility:public/*package*/ <> (receiver:kotlin.Any?) returnType:app.whatrsuhik.auth.register.presentation.RegisterViewKt.RegisterView.<no name provided> [primary]
              VALUE_PARAMETER name:receiver index:0 type:kotlin.Any?
              BLOCK_BODY
                DELEGATING_CONSTRUCTOR_CALL 'public constructor <init> (arity: kotlin.Int, receiver: kotlin.Any?, owner: java.lang.Class<*>, name: kotlin.String, signature: kotlin.String, flags: kotlin.Int) declared in kotlin.jvm.internal.AdaptedFunctionReference'
                  arity: CONST Int type=kotlin.Int value=0
                  receiver: GET_VAR 'receiver: kotlin.Any? declared in app.whatrsuhik.auth.register.presentation.RegisterViewKt.RegisterView.<no name provided>.<init>' type=kotlin.Any? origin=null
                  owner: CALL 'public final fun <get-java> (): java.lang.Class<*> declared in kotlin.jvm.JvmClassMappingKt' type=java.lang.Class<*> origin=GET_PROPERTY
                    $receiver: CLASS_REFERENCE 'CLASS IR_EXTERNAL_DECLARATION_STUB INTERFACE name:KClass modality:ABSTRACT visibility:public superTypes:[kotlin.reflect.KDeclarationContainer; kotlin.reflect.KAnnotatedElement; kotlin.reflect.KClassifier]' type=kotlin.reflect.KClass<*>
                  name: CONST String type=kotlin.String value="navigateUp"
                  signature: CALL 'public final fun <signature-string> (v: kotlin.Any?): kotlin.String declared in kotlin.jvm.internal' type=kotlin.String origin=null
                    v: FUNCTION_REFERENCE 'public open fun navigateUp (): kotlin.Boolean [fake_override] declared in androidx.navigation.NavHostController' type=kotlin.Function0<kotlin.Unit> origin=null reflectionTarget=<same>
                  flags: CONST Int type=kotlin.Int value=8
                BLOCK type=kotlin.Unit origin=null
            FUN name:invoke visibility:public modality:FINAL <> ($this:app.whatrsuhik.auth.register.presentation.RegisterViewKt.RegisterView.<no name provided>) returnType:kotlin.Unit
              overridden:
                public abstract fun invoke (): R of kotlin.Function0 [operator] declared in kotlin.Function0
              $this: VALUE_PARAMETER INSTANCE_RECEIVER name:<this> type:app.whatrsuhik.auth.register.presentation.RegisterViewKt.RegisterView.<no name provided>
              EXPRESSION_BODY
                BLOCK type=kotlin.Unit origin=null
                  VAR IR_TEMPORARY_VARIABLE name:tmp_0 type:androidx.navigation.NavHostController [val]
                    TYPE_OP type=androidx.navigation.NavHostController origin=IMPLICIT_CAST typeOperand=androidx.navigation.NavHostController
                      GET_FIELD 'FIELD name:receiver type:kotlin.Any? visibility:protected declared in app.whatrsuhik.auth.register.presentation.RegisterViewKt.RegisterView.<no name provided>' type=kotlin.Any? origin=null
                        receiver: GET_VAR '<this>: app.whatrsuhik.auth.register.presentation.RegisterViewKt.RegisterView.<no name provided> declared in app.whatrsuhik.auth.register.presentation.RegisterViewKt.RegisterView.<no name provided>.invoke' type=app.whatrsuhik.auth.register.presentation.RegisterViewKt.RegisterView.<no name provided> origin=null
                  COMPOSITE type=kotlin.Unit origin=null
                    CALL 'public open fun navigateUp (): kotlin.Boolean [fake_override] declared in androidx.navigation.NavHostController' type=kotlin.Boolean origin=null
                      $this: GET_VAR 'val tmp_0: androidx.navigation.NavHostController [val] declared in app.whatrsuhik.auth.register.presentation.RegisterViewKt.RegisterView.<no name provided>.invoke' type=androidx.navigation.NavHostController origin=ADAPTED_FUNCTION_REFERENCE
                    COMPOSITE type=kotlin.Unit origin=null
            FUN BRIDGE name:invoke visibility:public modality:OPEN <> ($this:app.whatrsuhik.auth.register.presentation.RegisterViewKt.RegisterView.<no name provided>) returnType:kotlin.Any?
              $this: VALUE_PARAMETER INSTANCE_RECEIVER name:<this> type:app.whatrsuhik.auth.register.presentation.RegisterViewKt.RegisterView.<no name provided>
              EXPRESSION_BODY
                RETURN type=kotlin.Nothing from='public open fun invoke (): kotlin.Any? declared in app.whatrsuhik.auth.register.presentation.RegisterViewKt.RegisterView.<no name provided>'
                  CALL 'public final fun invoke (): kotlin.Unit declared in app.whatrsuhik.auth.register.presentation.RegisterViewKt.RegisterView.<no name provided>' type=kotlin.Unit origin=BRIDGE_DELEGATION
                    $this: GET_VAR '<this>: app.whatrsuhik.auth.register.presentation.RegisterViewKt.RegisterView.<no name provided> declared in app.whatrsuhik.auth.register.presentation.RegisterViewKt.RegisterView.<no name provided>.invoke' type=app.whatrsuhik.auth.register.presentation.RegisterViewKt.RegisterView.<no name provided> origin=null
          CONSTRUCTOR_CALL 'public/*package*/ constructor <init> (receiver: kotlin.Any?) [primary] declared in app.whatrsuhik.auth.register.presentation.RegisterViewKt.RegisterView.<no name provided>' type=app.whatrsuhik.auth.register.presentation.RegisterViewKt.RegisterView.<no name provided> origin=null
            receiver: CALL 'public final fun <get-c> (): androidx.navigation.NavHostController declared in app.whatrushik.core.navigation.core.Navigator' type=androidx.navigation.NavHostController origin=GET_PROPERTY
              $this: GET_VAR 'val navigator: app.whatrushik.core.navigation.core.Navigator [val] declared in app.whatrsuhik.auth.register.presentation.RegisterViewKt.RegisterView' type=app.whatrushik.core.navigation.core.Navigator origin=null
      $mask0: CONST Int type=kotlin.Int value=1
      $handler: CONST Null type=kotlin.Any? value=null
    CALL 'public final fun AuthFieldBlock (icon: androidx.compose.ui.graphics.vector.ImageVector, title: kotlin.String, content: @[Composable] @[ExtensionFunctionType] kotlin.Function1<androidx.compose.foundation.layout.ColumnScope, kotlin.Unit>): kotlin.Unit declared in app.whatrsuhik.auth.register.presentation.components.AuthFieldBlockKt' type=kotlin.Unit origin=null
      icon: CALL 'public final fun <get-ArrowLeftRight> (): androidx.compose.ui.graphics.vector.ImageVector declared in app.whatrsuhik.ui.icons.ArrowLeftRightKt' type=androidx.compose.ui.graphics.vector.ImageVector origin=GET_PROPERTY
        $receiver: GET_FIELD 'FIELD FIELD_FOR_OBJECT_INSTANCE name:INSTANCE type:app.whatrsuhik.ui.theme.SHUIIcons visibility:public [final,static] declared in app.whatrsuhik.ui.theme.SHUIIcons' type=app.whatrsuhik.ui.theme.SHUIIcons origin=null
      title: CONST String type=kotlin.String value="Заоплните информацию о себе"
      content: BLOCK type=@[ExtensionFunctionType] kotlin.Function1<androidx.compose.foundation.layout.ColumnScope, kotlin.Unit> origin=LAMBDA
        COMPOSITE type=kotlin.Unit origin=null
        CALL 'public final fun <jvm-indy> <T> (dynamicCall: T of kotlin.jvm.internal.<jvm-indy>, bootstrapMethodHandle: kotlin.Any, vararg bootstrapMethodArguments: kotlin.Any): T of kotlin.jvm.internal.<jvm-indy> declared in kotlin.jvm.internal' type=@[ExtensionFunctionType] kotlin.Function1<androidx.compose.foundation.layout.ColumnScope, kotlin.Unit> origin=null
          <T>: @[ExtensionFunctionType] kotlin.Function1<androidx.compose.foundation.layout.ColumnScope, kotlin.Unit>
          dynamicCall: CALL 'public final fun invoke (p0: app.whatrsuhik.auth.register.domain.models.RegisterState, p1: kotlin.Function1<app.whatrsuhik.auth.register.domain.models.RegisterEvent, kotlin.Unit>, p2: androidx.compose.ui.focus.FocusManager): @[ExtensionFunctionType] kotlin.Function1<androidx.compose.foundation.layout.ColumnScope, kotlin.Unit> declared in kotlin.jvm.internal.invokeDynamic' type=@[ExtensionFunctionType] kotlin.Function1<androidx.compose.foundation.layout.ColumnScope, kotlin.Unit> origin=null
            p0: GET_VAR 'state: app.whatrsuhik.auth.register.domain.models.RegisterState declared in app.whatrsuhik.auth.register.presentation.RegisterViewKt.RegisterView' type=app.whatrsuhik.auth.register.domain.models.RegisterState origin=null
            p1: GET_VAR 'listener: kotlin.Function1<app.whatrsuhik.auth.register.domain.models.RegisterEvent, kotlin.Unit> declared in app.whatrsuhik.auth.register.presentation.RegisterViewKt.RegisterView' type=kotlin.Function1<app.whatrsuhik.auth.register.domain.models.RegisterEvent, kotlin.Unit> origin=null
            p2: GET_VAR 'val focusManager: androidx.compose.ui.focus.FocusManager [val] declared in app.whatrsuhik.auth.register.presentation.RegisterViewKt.RegisterView' type=androidx.compose.ui.focus.FocusManager origin=null
          bootstrapMethodHandle: CALL 'public final fun <jvm-method-handle> (tag: kotlin.Int, owner: kotlin.String, name: kotlin.String, descriptor: kotlin.String, isInterface: kotlin.Boolean): kotlin.Any declared in kotlin.jvm.internal' type=kotlin.Any origin=null
            tag: CONST Int type=kotlin.Int value=6
            owner: CONST String type=kotlin.String value="java/lang/invoke/LambdaMetafactory"
            name: CONST String type=kotlin.String value="metafactory"
            descriptor: CONST String type=kotlin.String value="(Ljava/lang/invoke/MethodHandles$Lookup;Ljava/lang/String;Ljava/lang/invoke/MethodType;Ljava/lang/invoke/MethodType;Ljava/lang/invoke/MethodHandle;Ljava/lang/invoke/MethodType;)Ljava/lang/invoke/CallSite;"
            isInterface: CONST Boolean type=kotlin.Boolean value=false
          bootstrapMethodArguments: VARARG type=kotlin.Array<kotlin.Any> varargElementType=kotlin.Any
            CALL 'public final fun <jvm-original-method-type> (method: kotlin.Any): kotlin.Any declared in kotlin.jvm.internal' type=kotlin.Any origin=null
              method: RAW_FUNCTION_REFERENCE 'public abstract fun invoke (p1: P1 of kotlin.Function1): R of kotlin.Function1 [operator] declared in kotlin.Function1' type=kotlin.Any
            RAW_FUNCTION_REFERENCE 'private final fun RegisterView$lambda$3 ($state: app.whatrsuhik.auth.register.domain.models.RegisterState, $listener: kotlin.Function1<app.whatrsuhik.auth.register.domain.models.RegisterEvent, kotlin.Unit>, $focusManager: androidx.compose.ui.focus.FocusManager, $this$AuthFieldBlock: androidx.compose.foundation.layout.ColumnScope): kotlin.Unit? declared in app.whatrsuhik.auth.register.presentation.RegisterViewKt' type=kotlin.Any
            CALL 'public final fun <jvm-original-method-type> (method: kotlin.Any): kotlin.Any declared in kotlin.jvm.internal' type=kotlin.Any origin=null
              method: RAW_FUNCTION_REFERENCE 'public abstract fun invoke (p1: androidx.compose.foundation.layout.ColumnScope): kotlin.Unit? [fake_override,operator] declared in kotlin.jvm.internal.invokeDynamic.<fake>' type=kotlin.Any
    CALL 'public final fun AuthFieldBlock (icon: androidx.compose.ui.graphics.vector.ImageVector, title: kotlin.String, content: @[Composable] @[ExtensionFunctionType] kotlin.Function1<androidx.compose.foundation.layout.ColumnScope, kotlin.Unit>): kotlin.Unit declared in app.whatrsuhik.auth.register.presentation.components.AuthFieldBlockKt' type=kotlin.Unit origin=null
      icon: CALL 'public final fun <get-ArrowLeftRight> (): androidx.compose.ui.graphics.vector.ImageVector declared in app.whatrsuhik.ui.icons.ArrowLeftRightKt' type=androidx.compose.ui.graphics.vector.ImageVector origin=GET_PROPERTY
        $receiver: GET_FIELD 'FIELD FIELD_FOR_OBJECT_INSTANCE name:INSTANCE type:app.whatrsuhik.ui.theme.SHUIIcons visibility:public [final,static] declared in app.whatrsuhik.ui.theme.SHUIIcons' type=app.whatrsuhik.ui.theme.SHUIIcons origin=null
      title: CONST String type=kotlin.String value="Придумайте логин и пароль"
      content: BLOCK type=@[ExtensionFunctionType] kotlin.Function1<androidx.compose.foundation.layout.ColumnScope, kotlin.Unit> origin=LAMBDA
        COMPOSITE type=kotlin.Unit origin=null
        CALL 'public final fun <jvm-indy> <T> (dynamicCall: T of kotlin.jvm.internal.<jvm-indy>, bootstrapMethodHandle: kotlin.Any, vararg bootstrapMethodArguments: kotlin.Any): T of kotlin.jvm.internal.<jvm-indy> declared in kotlin.jvm.internal' type=@[ExtensionFunctionType] kotlin.Function1<androidx.compose.foundation.layout.ColumnScope, kotlin.Unit> origin=null
          <T>: @[ExtensionFunctionType] kotlin.Function1<androidx.compose.foundation.layout.ColumnScope, kotlin.Unit>
          dynamicCall: CALL 'public final fun invoke (p0: app.whatrsuhik.auth.register.domain.models.RegisterState, p1: kotlin.Function1<app.whatrsuhik.auth.register.domain.models.RegisterEvent, kotlin.Unit>, p2: androidx.compose.ui.focus.FocusManager): @[ExtensionFunctionType] kotlin.Function1<androidx.compose.foundation.layout.ColumnScope, kotlin.Unit> declared in kotlin.jvm.internal.invokeDynamic' type=@[ExtensionFunctionType] kotlin.Function1<androidx.compose.foundation.layout.ColumnScope, kotlin.Unit> origin=null
            p0: GET_VAR 'state: app.whatrsuhik.auth.register.domain.models.RegisterState declared in app.whatrsuhik.auth.register.presentation.RegisterViewKt.RegisterView' type=app.whatrsuhik.auth.register.domain.models.RegisterState origin=null
            p1: GET_VAR 'listener: kotlin.Function1<app.whatrsuhik.auth.register.domain.models.RegisterEvent, kotlin.Unit> declared in app.whatrsuhik.auth.register.presentation.RegisterViewKt.RegisterView' type=kotlin.Function1<app.whatrsuhik.auth.register.domain.models.RegisterEvent, kotlin.Unit> origin=null
            p2: GET_VAR 'val focusManager: androidx.compose.ui.focus.FocusManager [val] declared in app.whatrsuhik.auth.register.presentation.RegisterViewKt.RegisterView' type=androidx.compose.ui.focus.FocusManager origin=null
          bootstrapMethodHandle: CALL 'public final fun <jvm-method-handle> (tag: kotlin.Int, owner: kotlin.String, name: kotlin.String, descriptor: kotlin.String, isInterface: kotlin.Boolean): kotlin.Any declared in kotlin.jvm.internal' type=kotlin.Any origin=null
            tag: CONST Int type=kotlin.Int value=6
            owner: CONST String type=kotlin.String value="java/lang/invoke/LambdaMetafactory"
            name: CONST String type=kotlin.String value="metafactory"
            descriptor: CONST String type=kotlin.String value="(Ljava/lang/invoke/MethodHandles$Lookup;Ljava/lang/String;Ljava/lang/invoke/MethodType;Ljava/lang/invoke/MethodType;Ljava/lang/invoke/MethodHandle;Ljava/lang/invoke/MethodType;)Ljava/lang/invoke/CallSite;"
            isInterface: CONST Boolean type=kotlin.Boolean value=false
          bootstrapMethodArguments: VARARG type=kotlin.Array<kotlin.Any> varargElementType=kotlin.Any
            CALL 'public final fun <jvm-original-method-type> (method: kotlin.Any): kotlin.Any declared in kotlin.jvm.internal' type=kotlin.Any origin=null
              method: RAW_FUNCTION_REFERENCE 'public abstract fun invoke (p1: P1 of kotlin.Function1): R of kotlin.Function1 [operator] declared in kotlin.Function1' type=kotlin.Any
            RAW_FUNCTION_REFERENCE 'private final fun RegisterView$lambda$7 ($state: app.whatrsuhik.auth.register.domain.models.RegisterState, $listener: kotlin.Function1<app.whatrsuhik.auth.register.domain.models.RegisterEvent, kotlin.Unit>, $focusManager: androidx.compose.ui.focus.FocusManager, $this$AuthFieldBlock: androidx.compose.foundation.layout.ColumnScope): kotlin.Unit? declared in app.whatrsuhik.auth.register.presentation.RegisterViewKt' type=kotlin.Any
            CALL 'public final fun <jvm-original-method-type> (method: kotlin.Any): kotlin.Any declared in kotlin.jvm.internal' type=kotlin.Any origin=null
              method: RAW_FUNCTION_REFERENCE 'public abstract fun invoke (p1: androidx.compose.foundation.layout.ColumnScope): kotlin.Unit? [fake_override,operator] declared in kotlin.jvm.internal.invokeDynamic.<fake>' type=kotlin.Any
    CALL 'public final fun CheckWithText$default (modifier: androidx.compose.ui.Modifier?, title: kotlin.String, description: kotlin.String?, checked: kotlin.Boolean, enabled: kotlin.Boolean, onChange: kotlin.Function1<kotlin.Boolean, kotlin.Unit>, $mask0: kotlin.Int, $handler: kotlin.Any?): kotlin.Unit declared in app.whatrsuhik.ui.components.checkbox.StyledKt' type=kotlin.Unit origin=DEFAULT_DISPATCH_CALL
      modifier: COMPOSITE type=androidx.compose.ui.Modifier? origin=DEFAULT_VALUE
        CONST Null type=androidx.compose.ui.Modifier? value=null
      title: CONST String type=kotlin.String value="Я согласен с политикой конфиденциальности"
      description: COMPOSITE type=kotlin.String? origin=DEFAULT_VALUE
        CONST Null type=kotlin.String? value=null
      checked: CALL 'public final fun <get-termsChecked> (): kotlin.Boolean declared in app.whatrsuhik.auth.register.domain.models.RegisterState' type=kotlin.Boolean origin=GET_PROPERTY
        $this: GET_VAR 'state: app.whatrsuhik.auth.register.domain.models.RegisterState declared in app.whatrsuhik.auth.register.presentation.RegisterViewKt.RegisterView' type=app.whatrsuhik.auth.register.domain.models.RegisterState origin=null
      enabled: COMPOSITE type=kotlin.Boolean origin=DEFAULT_VALUE
        CONST Boolean type=kotlin.Boolean value=false
      onChange: BLOCK type=kotlin.Function1<kotlin.Boolean, kotlin.Unit> origin=LAMBDA
        COMPOSITE type=kotlin.Unit origin=null
        CALL 'public final fun <jvm-indy> <T> (dynamicCall: T of kotlin.jvm.internal.<jvm-indy>, bootstrapMethodHandle: kotlin.Any, vararg bootstrapMethodArguments: kotlin.Any): T of kotlin.jvm.internal.<jvm-indy> declared in kotlin.jvm.internal' type=kotlin.Function1<kotlin.Boolean, kotlin.Unit> origin=null
          <T>: kotlin.Function1<kotlin.Boolean, kotlin.Unit>
          dynamicCall: CALL 'public final fun invoke (p0: kotlin.Function1<app.whatrsuhik.auth.register.domain.models.RegisterEvent, kotlin.Unit>): kotlin.Function1<kotlin.Boolean, kotlin.Unit> declared in kotlin.jvm.internal.invokeDynamic' type=kotlin.Function1<kotlin.Boolean, kotlin.Unit> origin=null
            p0: GET_VAR 'listener: kotlin.Function1<app.whatrsuhik.auth.register.domain.models.RegisterEvent, kotlin.Unit> declared in app.whatrsuhik.auth.register.presentation.RegisterViewKt.RegisterView' type=kotlin.Function1<app.whatrsuhik.auth.register.domain.models.RegisterEvent, kotlin.Unit> origin=null
          bootstrapMethodHandle: CALL 'public final fun <jvm-method-handle> (tag: kotlin.Int, owner: kotlin.String, name: kotlin.String, descriptor: kotlin.String, isInterface: kotlin.Boolean): kotlin.Any declared in kotlin.jvm.internal' type=kotlin.Any origin=null
            tag: CONST Int type=kotlin.Int value=6
            owner: CONST String type=kotlin.String value="java/lang/invoke/LambdaMetafactory"
            name: CONST String type=kotlin.String value="metafactory"
            descriptor: CONST String type=kotlin.String value="(Ljava/lang/invoke/MethodHandles$Lookup;Ljava/lang/String;Ljava/lang/invoke/MethodType;Ljava/lang/invoke/MethodType;Ljava/lang/invoke/MethodHandle;Ljava/lang/invoke/MethodType;)Ljava/lang/invoke/CallSite;"
            isInterface: CONST Boolean type=kotlin.Boolean value=false
          bootstrapMethodArguments: VARARG type=kotlin.Array<kotlin.Any> varargElementType=kotlin.Any
            CALL 'public final fun <jvm-original-method-type> (method: kotlin.Any): kotlin.Any declared in kotlin.jvm.internal' type=kotlin.Any origin=null
              method: RAW_FUNCTION_REFERENCE 'public abstract fun invoke (p1: P1 of kotlin.Function1): R of kotlin.Function1 [operator] declared in kotlin.Function1' type=kotlin.Any
            RAW_FUNCTION_REFERENCE 'private final fun RegisterView$lambda$8 ($listener: kotlin.Function1<app.whatrsuhik.auth.register.domain.models.RegisterEvent, kotlin.Unit>, it: kotlin.Boolean): kotlin.Unit? declared in app.whatrsuhik.auth.register.presentation.RegisterViewKt' type=kotlin.Any
            CALL 'public final fun <jvm-original-method-type> (method: kotlin.Any): kotlin.Any declared in kotlin.jvm.internal' type=kotlin.Any origin=null
              method: RAW_FUNCTION_REFERENCE 'public abstract fun invoke (p1: kotlin.Boolean?): kotlin.Unit? [fake_override,operator] declared in kotlin.jvm.internal.invokeDynamic.<fake>' type=kotlin.Any
      $mask0: CONST Int type=kotlin.Int value=21
      $handler: CONST Null type=kotlin.Any? value=null

	at org.jetbrains.kotlin.backend.jvm.codegen.FunctionCodegen.generate(FunctionCodegen.kt:47)
	at org.jetbrains.kotlin.backend.jvm.codegen.FunctionCodegen.generate$default(FunctionCodegen.kt:40)
	at org.jetbrains.kotlin.backend.jvm.codegen.ClassCodegen.generateMethodNode(ClassCodegen.kt:406)
	at org.jetbrains.kotlin.backend.jvm.codegen.ClassCodegen.generateMethod(ClassCodegen.kt:423)
	at org.jetbrains.kotlin.backend.jvm.codegen.ClassCodegen.generate(ClassCodegen.kt:168)
	at org.jetbrains.kotlin.backend.jvm.FileCodegen.lower(JvmPhases.kt:39)
	at org.jetbrains.kotlin.backend.common.phaser.PhaseFactoriesKt.createFilePhase$lambda$4(PhaseFactories.kt:71)
	at org.jetbrains.kotlin.backend.common.phaser.PhaseBuildersKt$createSimpleNamedCompilerPhase$1.phaseBody(PhaseBuilders.kt:69)
	at org.jetbrains.kotlin.backend.common.phaser.SimpleNamedCompilerPhase.phaseBody(CompilerPhase.kt:226)
	at org.jetbrains.kotlin.backend.common.phaser.AbstractNamedCompilerPhase.invoke(CompilerPhase.kt:113)
	at org.jetbrains.kotlin.backend.common.phaser.PerformByIrFilePhase.invokeSequential(performByIrFile.kt:62)
	... 45 more
Caused by: org.jetbrains.kotlin.codegen.CompilationException: Back-end (JVM) Internal error: Couldn't inline method call: CALL 'public final fun <get-current> (): T of androidx.compose.runtime.CompositionLocal [inline] declared in androidx.compose.runtime.CompositionLocal' type=androidx.compose.ui.focus.FocusManager origin=GET_PROPERTY
Method: null
File is unknown
The root cause java.lang.IllegalStateException was thrown at: org.jetbrains.kotlin.codegen.inline.SourceCompilerForInlineKt.getMethodNode(SourceCompilerForInline.kt:118)
	at org.jetbrains.kotlin.codegen.inline.InlineCodegen.performInline(InlineCodegen.kt:65)
	at org.jetbrains.kotlin.backend.jvm.codegen.IrInlineCodegen.genInlineCall(IrInlineCodegen.kt:163)
	at org.jetbrains.kotlin.backend.jvm.codegen.IrInlineCallGenerator.genCall(IrInlineCallGenerator.kt:36)
	at org.jetbrains.kotlin.backend.jvm.codegen.ExpressionCodegen.visitCall(ExpressionCodegen.kt:653)
	at org.jetbrains.kotlin.backend.jvm.codegen.ExpressionCodegen.visitCall(ExpressionCodegen.kt:138)
	at org.jetbrains.kotlin.ir.expressions.IrCall.accept(IrCall.kt:24)
	at org.jetbrains.kotlin.backend.jvm.codegen.ExpressionCodegen.visitVariable(ExpressionCodegen.kt:790)
	at org.jetbrains.kotlin.backend.jvm.codegen.ExpressionCodegen.visitVariable(ExpressionCodegen.kt:138)
	at org.jetbrains.kotlin.ir.declarations.IrVariable.accept(IrVariable.kt:36)
	at org.jetbrains.kotlin.backend.jvm.codegen.ExpressionCodegen.visitStatementContainer(ExpressionCodegen.kt:579)
	at org.jetbrains.kotlin.backend.jvm.codegen.ExpressionCodegen.visitBlockBody(ExpressionCodegen.kt:584)
	at org.jetbrains.kotlin.backend.jvm.codegen.ExpressionCodegen.visitBlockBody(ExpressionCodegen.kt:138)
	at org.jetbrains.kotlin.ir.expressions.IrBlockBody.accept(IrBlockBody.kt:20)
	at org.jetbrains.kotlin.backend.jvm.codegen.ExpressionCodegen.generate(ExpressionCodegen.kt:240)
	at org.jetbrains.kotlin.backend.jvm.codegen.FunctionCodegen.doGenerate(FunctionCodegen.kt:123)
	at org.jetbrains.kotlin.backend.jvm.codegen.FunctionCodegen.generate(FunctionCodegen.kt:44)
	... 55 more
Caused by: java.lang.IllegalStateException: couldn't find inline method Landroidx/compose/runtime/CompositionLocal;.getCurrent()Ljava/lang/Object;
	at org.jetbrains.kotlin.codegen.inline.SourceCompilerForInlineKt.getMethodNode(SourceCompilerForInline.kt:118)
	at org.jetbrains.kotlin.codegen.inline.SourceCompilerForInlineKt.loadCompiledInlineFunction(SourceCompilerForInline.kt:96)
	at org.jetbrains.kotlin.backend.jvm.codegen.IrSourceCompilerForInline.compileInlineFunction(IrSourceCompilerForInline.kt:91)
	at org.jetbrains.kotlin.codegen.inline.InlineCodegen.compileInline(InlineCodegen.kt:43)
	at org.jetbrains.kotlin.codegen.inline.InlineCodegen.performInline(InlineCodegen.kt:51)
	... 70 more


